[2016-02-17 18:47:10] START
[2016-03-03 15:29:18] EDIT SPE/models/menu.py: 8
[2016-03-03 15:33:33] EDIT SPE/models/menu.py: 0
[2016-03-03 15:36:23] EDIT SPE/models/menu.py: 2
[2016-03-03 15:36:24] EDIT SPE/models/menu.py: 0
[2016-03-03 15:36:43] EDIT SPE/models/menu.py: 0
[2016-03-03 15:37:51] EDIT SPE/models/menu.py: -4
[2016-03-03 15:38:40] EDIT SPE/models/menu.py: 0
[2016-03-03 15:40:23] EDIT SPE/models/menu.py: 0
[2016-03-03 15:47:49] EDIT SPE/models/menu.py: 0
[2016-03-03 15:48:21] EDIT SPE/models/menu.py: 0
[2016-03-03 15:49:31] EDIT SPE/models/menu.py: 0
[2016-03-03 15:50:00] EDIT SPE/models/menu.py: 2
[2016-03-03 15:54:54] EDIT SPE/models/menu.py: -2
[2016-03-03 15:55:20] EDIT SPE/models/menu.py: 0
[2016-03-03 15:55:34] EDIT SPE/models/menu.py: 0
[2016-03-03 15:55:35] EDIT SPE/models/menu.py: 0
[2016-03-03 15:55:36] EDIT SPE/models/menu.py: 0
[2016-03-03 16:21:45] EDIT SPE/views/default/retirar_pasantia.html: 0
[2016-03-03 16:33:17] EDIT SPE/views/default/justificar_retiro_empresa.html: 0
[2016-03-03 16:33:58] EDIT SPE/views/default/justificar_retiro_profesor.html: 0
[2016-03-03 16:34:20] EDIT SPE/views/default/justificar_retiro_empresa.html: 0
[2016-03-03 16:36:19] EDIT SPE/views/default/justificar_retiro_profesor.html: 0
[2016-03-03 16:36:26] EDIT SPE/views/default/justificar_retiro_empresa.html: 0
[2016-03-03 16:39:16] EDIT SPE/views/default/permiso_inscripcion_extrateporaneo.html: 0
[2016-03-03 16:42:20] EDIT SPE/views/default/permiso_evaluacion_extrateporaneo.html: 0
[2016-03-03 16:42:21] EDIT SPE/views/default/permiso_inscripcion_extrateporaneo.html: 0
[2016-03-03 16:42:23] EDIT SPE/views/default/justificar_retiro_profesor.html: 0
[2016-03-03 16:42:25] EDIT SPE/views/default/justificar_retiro_empresa.html: 0
[2016-03-03 16:43:21] EDIT SPE/views/default/permiso_evaluacion_extratemporaneo.html: 0
[2016-03-03 16:43:25] EDIT SPE/views/default/permiso_inscripcion_extratemporaneo.html: 0
[2016-03-03 16:46:07] EDIT SPE/models/menu.py: 0
[2016-03-03 16:47:38] EDIT SPE/models/menu.py: 0
[2016-03-03 16:52:54] EDIT SPE/models/menu.py: 0
[2016-03-03 16:55:07] EDIT SPE/models/menu.py: 0
[2016-03-03 16:56:55] EDIT SPE/controllers/default.py: 8
[2016-03-03 16:59:12] EDIT SPE/controllers/default.py: 0
[2016-03-03 16:59:33] EDIT SPE/controllers/default.py: 0
[2016-03-03 16:59:57] EDIT SPE/controllers/default.py: 0
