[2016-03-08 22:03:09] START
[2016-03-10 22:42:34] EDIT Empresas/views/default/index.html: 5
[2016-03-10 22:46:09] EDIT Empresas/views/default/index.html: 3
[2016-03-10 22:47:03] EDIT Empresas/views/default/index.html: 1
[2016-03-10 22:50:13] EDIT Empresas/views/default/index.html: 0
[2016-03-10 22:53:31] EDIT Empresas/views/default/index.html: 0
[2016-03-10 22:55:23] EDIT Empresas/models/menu.py: 0
[2016-03-10 22:55:54] EDIT Empresas/models/menu.py: 0
[2016-03-10 22:58:30] EDIT Empresas/views/default/index.html: 0
[2016-03-10 22:59:21] EDIT Empresas/views/default/index.html: 2
[2016-03-10 22:59:58] EDIT Empresas/views/default/index.html: -1
[2016-03-10 23:05:39] EDIT Empresas/views/default/index.html: 0
[2016-03-10 23:06:35] EDIT Empresas/views/default/index.html: -2
[2016-03-10 23:07:53] EDIT Empresas/views/default/index.html: 0
[2016-03-10 23:08:57] EDIT Empresas/views/default/index.html: 2
[2016-03-10 23:09:52] EDIT Empresas/views/default/index.html: 0
[2016-03-10 23:10:08] EDIT Empresas/views/default/index.html: 0
[2016-03-10 23:17:37] EDIT Empresas/views/default/index.html: 0
[2016-03-10 23:22:38] EDIT Empresas/views/default/index.html: 3
[2016-03-10 23:23:08] EDIT Empresas/views/default/index.html: 0
[2016-03-10 23:23:38] EDIT Empresas/views/default/index.html: 0
[2016-03-10 23:25:07] EDIT Empresas/views/default/index.html: 0
[2016-03-10 23:27:21] EDIT Empresas/views/default/index.html: 2
[2016-03-10 23:32:04] EDIT Empresas/views/default/index.html: 4
[2016-03-10 23:37:56] EDIT Empresas/views/default/index.html: 1
[2016-03-10 23:40:58] EDIT Empresas/views/default/index.html: 0
[2016-03-10 23:41:24] EDIT Empresas/views/default/index.html: 0
[2016-03-10 23:41:45] EDIT Empresas/views/default/index.html: 0
[2016-03-10 23:46:22] EDIT Empresas/views/default/index.html: -3
[2016-03-10 23:48:05] EDIT Empresas/views/default/index.html: 1
[2016-03-10 23:49:12] EDIT Empresas/views/default/index.html: 0
[2016-03-10 23:52:38] EDIT Empresas/views/default/index.html: 0
[2016-03-10 23:54:26] EDIT Empresas/views/default/index.html: 0
[2016-03-10 23:55:19] EDIT Empresas/views/default/index.html: -1
[2016-03-11 00:28:07] EDIT Empresas/views/layout.html: 0
[2016-03-11 00:33:25] EDIT Empresas/models/menu.py: 0
[2016-03-11 21:08:37] EDIT Empresas/views/empresa/registrarEmpresa/registrar_empresa.html: 19
[2016-03-11 21:13:49] EDIT Empresas/views/empresa/registrarEmpresa/registrar_empresa.html: 1
[2016-03-11 21:18:07] EDIT Empresas/views/empresa/registrarEmpresa/registrar_empresa.html: 4
[2016-03-11 21:19:34] EDIT Empresas/views/empresa/registrarEmpresa/registrar_empresa.html: 0
[2016-03-11 22:05:45] EDIT Empresas/views/empresa/registrarEmpresa/registrar_empresa.html: 12
[2016-03-11 22:13:22] EDIT Empresas/views/empresa/registrarEmpresa/registrar_empresa.html: 0
[2016-03-11 22:31:33] EDIT Empresas/views/empresa/registrarEmpresa/registrar_empresa.html: 12
[2016-03-11 22:50:33] EDIT Empresas/views/empresa/registrarEmpresa/registrar_empresa.html: 0
[2016-03-11 22:51:08] EDIT Empresas/views/empresa/registrarEmpresa/registrar_empresa.html: -1
[2016-03-11 22:55:34] EDIT Empresas/views/empresa/registrarEmpresa/registrar_empresa.html: 1
[2016-03-11 22:56:13] EDIT Empresas/views/empresa/registrarEmpresa/registrar_empresa.html: 1
[2016-03-11 23:03:06] EDIT Empresas/views/empresa/registrarEmpresa/registrar_empresa.html: 0
[2016-03-11 23:05:07] EDIT Empresas/views/empresa/registrarEmpresa/registrar_empresa.html: 3
[2016-03-11 23:07:06] EDIT Empresas/views/empresa/registrarEmpresa/registrar_empresa.html: 0
[2016-03-11 23:15:58] EDIT Empresas/views/empresa/registrarEmpresa/registrar_empresa.html: 0
[2016-03-11 23:18:18] EDIT Empresas/views/empresa/registrarEmpresa/registrar_empresa.html: 0
[2016-03-11 23:21:36] EDIT Empresas/views/empresa/registrarEmpresa/registrar_empresa.html: 0
[2016-03-11 23:28:13] EDIT Empresas/views/empresa/registrarEmpresa/registrar_empresa.html: 0
[2016-03-11 23:30:27] EDIT Empresas/views/empresa/registrarEmpresa/registrar_empresa.html: 0
[2016-03-11 23:33:05] EDIT Empresas/views/empresa/registrarEmpresa/registrar_empresa.html: 0
[2016-03-11 23:36:11] EDIT Empresas/views/empresa/registrarEmpresa/registrar_empresa.html: 0
[2016-03-11 23:39:16] EDIT Empresas/views/empresa/registrarEmpresa/registrar_empresa.html: 0
[2016-03-11 23:40:25] EDIT Empresas/views/empresa/registrarEmpresa/registrar_empresa.html: 0
[2016-03-11 23:44:29] EDIT Empresas/views/empresa/registrarEmpresa/registrar_empresa.html: 0
[2016-03-11 23:54:30] EDIT Empresas/views/empresa/registrarEmpresa/registrar_empresa.html: 3
[2016-03-12 00:03:27] EDIT Empresas/views/empresa/registrarEmpresa/registrar_empresa.html: 0
[2016-03-12 00:04:27] EDIT Empresas/views/empresa/registrarEmpresa/registrar_empresa.html: 0
[2016-03-12 00:07:34] EDIT Empresas/views/empresa/registrarEmpresa/registrar_empresa.html: 0
[2016-03-12 00:08:27] EDIT Empresas/views/empresa/registrarEmpresa/registrar_empresa.html: 0
[2016-03-12 00:09:47] EDIT Empresas/views/empresa/registrarEmpresa/registrar_empresa.html: 0
[2016-03-12 00:23:17] EDIT Empresas/views/empresa/registrarEmpresa/registrar_empresa.html: 1
[2016-03-12 00:26:59] EDIT Empresas/views/empresa/registrarEmpresa/registrar_empresa.html: 0
[2016-03-12 00:27:32] EDIT Empresas/views/empresa/registrarEmpresa/registrar_empresa.html: 0
[2016-03-12 00:45:46] EDIT Empresas/views/empresa/registrarEmpresa/registrar_empresa.html: 0
[2016-03-12 00:47:25] EDIT Empresas/views/empresa/registrarEmpresa/registrar_empresa.html: 0
[2016-03-12 13:20:57] EDIT Empresas/views/empresa/registrarEmpresa/registrar_empresa.html: 0
[2016-03-12 13:21:00] EDIT Empresas/controllers/empresa.py: 0
[2016-03-12 14:42:33] EDIT Empresas/views/empresa/registrarEmpresa/registro_empresa_exitoso.html: 4
[2016-03-12 14:44:53] EDIT Empresas/views/empresa/registrarEmpresa/registro_empresa_exitoso.html: 2
[2016-03-12 14:48:02] EDIT Empresas/views/empresa/registrarEmpresa/registro_empresa_exitoso.html: 3
[2016-03-12 14:49:37] EDIT Empresas/views/empresa/registrarEmpresa/registro_empresa_exitoso.html: 0
[2016-03-12 14:53:01] EDIT Empresas/views/empresa/registrarEmpresa/registro_empresa_exitoso.html: 4
[2016-03-12 15:13:26] EDIT Empresas/views/empresa/registrarEmpresa/registro_empresa_exitoso.html: 7
[2016-03-12 15:13:44] EDIT Empresas/views/empresa/registrarEmpresa/registro_empresa_exitoso.html: 0
[2016-03-12 15:53:01] EDIT Empresas/views/empresa/registrarEmpresa/registro_empresa_exitoso.html: 0
[2016-03-12 15:57:42] EDIT Empresas/views/empresa/registrarEmpresa/registrar_empresa.html: 0
[2016-03-12 16:04:54] EDIT Empresas/views/empresa/registrarEmpresa/registrar_empresa.html: 0
[2016-03-12 16:06:34] EDIT Empresas/views/empresa/registrarEmpresa/registrar_empresa.html: 0
[2016-03-12 16:15:36] EDIT Empresas/views/empresa/registrarEmpresa/registrar_empresa.html: 0
[2016-03-12 16:36:43] EDIT Empresas/views/empresa/registrarEmpresa/registro_empresa_exitoso.html: 3
[2016-03-12 16:40:50] EDIT Empresas/views/empresa/registrarEmpresa/registro_empresa_exitoso.html: 0
[2016-03-12 17:18:15] EDIT Empresas/views/empresa/registrarEmpresa/registro_empresa_exitoso.html: -1
[2016-03-12 17:18:37] EDIT Empresas/views/empresa/registrarEmpresa/registro_empresa_exitoso.html: 0
[2016-03-12 18:02:14] EDIT Empresas/views/empresa/registrarEmpresa/registro_empresa_exitoso.html: 15
[2016-03-12 18:07:10] EDIT Empresas/views/empresa/registrarEmpresa/registro_empresa_exitoso.html: -3
[2016-03-12 18:15:59] EDIT Empresas/views/empresa/registrarEmpresa/registro_empresa_exitoso.html: 1
[2016-03-12 18:16:24] EDIT Empresas/views/empresa/registrarEmpresa/registro_empresa_exitoso.html: 0
[2016-03-12 18:24:48] EDIT Empresas/views/empresa/registrarEmpresa/registro_empresa_exitoso.html: 0
[2016-03-12 18:41:12] EDIT Empresas/views/empresa/registrarEmpresa/registro_empresa_exitoso.html: 22
[2016-03-12 18:45:55] EDIT Empresas/controllers/empresa.py: 2
[2016-03-12 18:46:28] EDIT Empresas/controllers/empresa.py: 0
[2016-03-12 18:46:49] EDIT Empresas/controllers/empresa.py: 0
[2016-03-12 18:46:59] EDIT Empresas/controllers/empresa.py: 0
[2016-03-12 18:47:02] EDIT Empresas/controllers/empresa.py: 0
[2016-03-12 18:56:26] EDIT Empresas/views/empresa/registrarEmpresa/registro_empresa_exitoso.html: 0
[2016-03-12 18:59:22] EDIT Empresas/views/empresa/registrarEmpresa/registro_empresa_exitoso.html: 0
[2016-03-12 19:01:11] EDIT Empresas/views/empresa/registrarEmpresa/registro_empresa_exitoso.html: 0
[2016-03-12 19:04:54] EDIT Empresas/views/empresa/registrarEmpresa/registro_empresa_exitoso.html: 0
[2016-03-12 19:06:07] EDIT Empresas/views/empresa/registrarEmpresa/registro_empresa_exitoso.html: 0
[2016-03-12 19:10:04] EDIT Empresas/views/empresa/registrarEmpresa/registro_empresa_exitoso.html: 0
[2016-03-12 19:14:29] EDIT Empresas/views/empresa/registrarEmpresa/registro_empresa_exitoso.html: 2
[2016-03-12 19:17:41] EDIT Empresas/views/empresa/registrarEmpresa/registro_empresa_exitoso.html: 2
[2016-03-12 19:18:49] EDIT Empresas/views/empresa/registrarEmpresa/registro_empresa_exitoso.html: 0
[2016-03-12 19:20:55] EDIT Empresas/views/empresa/registrarEmpresa/registro_empresa_exitoso.html: 0
[2016-03-12 19:22:37] EDIT Empresas/views/empresa/registrarEmpresa/registro_empresa_exitoso.html: 0
[2016-03-12 19:34:21] EDIT Empresas/views/empresa/registrarEmpresa/registro_empresa_exitoso.html: 0
[2016-03-12 19:34:28] EDIT Empresas/controllers/empresa.py: 0
[2016-03-18 13:18:58] EDIT Empresas/views/default/index.html: 0
[2016-03-18 13:22:21] EDIT Empresas/views/default/index.html: 2
[2016-03-18 13:26:27] EDIT Empresas/views/empresa/registrarEmpresa/registrar_empresa.html: -1
[2016-03-18 13:26:48] EDIT Empresas/views/empresa/registrarEmpresa/registrar_empresa.html: -2
[2016-03-18 13:53:30] EDIT Empresas/views/empresa/registrarEmpresa/registrar_empresa.html: 15
[2016-03-18 13:54:47] EDIT Empresas/views/empresa/registrarEmpresa/registrar_empresa.html: -2
[2016-03-18 13:57:52] EDIT Empresas/views/empresa/registrarEmpresa/registrar_empresa.html: 0
[2016-03-18 13:58:35] EDIT Empresas/views/empresa/registrarEmpresa/registrar_empresa.html: 0
[2016-03-18 14:03:51] EDIT Empresas/views/empresa/registrarEmpresa/registro_empresa_exitoso.html: 0
[2016-03-18 14:07:54] EDIT Empresas/views/empresa/registrarEmpresa/registrar_empresa.html: 13
[2016-03-18 14:08:13] EDIT Empresas/views/empresa/registrarEmpresa/registrar_empresa.html: 0
[2016-03-18 14:10:33] EDIT Empresas/views/empresa/registrarEmpresa/registrar_empresa.html: 0
[2016-03-18 14:13:54] EDIT Empresas/views/empresa/registrarEmpresa/registrar_empresa.html: 13
[2016-03-18 14:14:14] EDIT Empresas/views/empresa/registrarEmpresa/registrar_empresa.html: 0
[2016-03-18 14:16:43] EDIT Empresas/views/empresa/registrarEmpresa/registrar_empresa.html: 0
[2016-03-18 14:47:42] EDIT Empresas/static/css/bootstrap.min.css: 5898
[2016-03-18 14:51:49] EDIT Empresas/static/css/bootstrap.min.css: 0
[2016-03-18 14:52:11] EDIT Empresas/static/css/bootstrap.min.css: 0
[2016-03-18 15:06:42] EDIT Empresas/views/empresa/registrarEmpresa/registrar_empresa.html: 0
[2016-03-18 15:06:43] EDIT Empresas/views/empresa/registrarEmpresa/registrar_empresa.html: 0
[2016-03-18 15:20:58] EDIT Empresas/views/empresa/registrarEmpresa/registro_empresa_exitoso.html: 0
[2016-03-18 15:21:47] EDIT Empresas/views/empresa/registrarEmpresa/registro_empresa_exitoso.html: 0
[2016-03-18 16:23:16] EDIT Empresas/views/default/home.html: 18
[2016-03-18 16:24:07] EDIT Empresas/views/default/home.html: 0
[2016-03-18 18:43:25] EDIT Empresas/views/default/home.html: 2
[2016-03-18 18:59:10] EDIT Empresas/views/default/home.html: 0
[2016-03-18 19:02:14] EDIT Empresas/views/default/home.html: 2
[2016-03-18 19:03:49] EDIT Empresas/views/default/home.html: 0
[2016-03-18 19:05:20] EDIT Empresas/views/default/home.html: 5
[2016-03-18 19:07:10] EDIT Empresas/views/default/home.html: 0
[2016-03-18 19:09:06] EDIT Empresas/views/default/home.html: 0
[2016-03-18 19:09:51] EDIT Empresas/views/default/home.html: 0
[2016-03-18 19:11:56] EDIT Empresas/views/default/home.html: 0
[2016-03-18 19:13:24] EDIT Empresas/views/default/home.html: 0
[2016-03-18 19:15:43] EDIT Empresas/views/default/home.html: 0
[2016-03-18 19:16:14] EDIT Empresas/views/default/home.html: 0
[2016-03-18 19:16:29] EDIT Empresas/views/default/home.html: 0
[2016-03-18 19:17:08] EDIT Empresas/views/default/home.html: 0
[2016-03-18 19:18:03] EDIT Empresas/views/default/home.html: -2
[2016-03-18 19:18:24] EDIT Empresas/views/default/home.html: 0
[2016-03-18 19:30:17] EDIT Empresas/views/default/home.html: 8
[2016-03-18 19:30:46] EDIT Empresas/views/default/home.html: 0
[2016-03-18 19:31:16] EDIT Empresas/views/default/home.html: 0
[2016-03-18 19:33:08] EDIT Empresas/views/default/home.html: 0
[2016-03-18 19:35:01] EDIT Empresas/views/default/home.html: 1
[2016-03-18 19:35:52] EDIT Empresas/views/default/home.html: 1
[2016-03-18 19:37:07] EDIT Empresas/views/default/home.html: 0
[2016-03-18 19:39:43] EDIT Empresas/views/default/home.html: 5
[2016-03-18 19:40:01] EDIT Empresas/views/default/home.html: 0
[2016-03-18 19:44:29] EDIT Empresas/views/default/home.html: 0
[2016-03-18 19:45:05] EDIT Empresas/views/default/home.html: 0
[2016-03-18 19:45:31] EDIT Empresas/views/default/home.html: 1
[2016-03-18 19:49:28] EDIT Empresas/views/default/home.html: 0
[2016-03-18 19:54:35] EDIT Empresas/views/default/home.html: 0
[2016-03-18 19:54:51] EDIT Empresas/views/default/home.html: 0
[2016-03-18 19:57:37] EDIT Empresas/views/default/home.html: -1
[2016-03-18 20:23:28] EDIT Empresas/views/default/home.html: 0
